<?xml version="1.0" encoding="UTF-8"?>
<!-- Generated by org.testng.reporters.JUnitXMLReporter -->
<testsuite hostname="LAPTOP-28BN9QBC" ignored="0" name="AppiumTests" tests="2" failures="1" timestamp="07 Aug 2019 21:06:42 GMT" time="35.948" errors="0">
  <testcase name="appiumFirstTest" time="13.975" classname="appiumscripts.AppiumFirstScript"/>
  <testcase name="appiumSecondTest" time="15.227" classname="appiumscripts.AppiumFirstScript">
    <failure type="java.lang.AssertionError" message="The following asserts failed:
	Destination text didnt match expected [Londo, England] but found [London, England]">
      <![CDATA[java.lang.AssertionError: The following asserts failed:
Destination text didnt match expected [Londo, England] but found [London, England]
at appiumscripts.AppiumFirstScript.appiumSecondTest(AppiumFirstScript.java:76)
... Removed 25 stack frames]]>
    </failure>
  </testcase> <!-- appiumSecondTest -->
</testsuite> <!-- AppiumTests -->
